gAAAAABoJvQk6-HgoNLzeGY3f9e09QJ-8yhqYQqBQXnJXw0NRGArfgJtzYM-5GRqBq9duPBVaIt3vV3ZbX9_bbGQnIT3tchbVg==
gAAAAABoJvQkcW4ADJ6GLhTqRK23Yai1n3uJG2l9RX3WD7jGij5bxVkwQX8Sm8D7NyMh7iTiGXKzKpVEMpvU7nluUnahFJGVlw==
gAAAAABoJvQkKcrTFnwTM3vw5L3KY_O2mnsCORxLIhCxQpNwjPixHH24xTLNVGJsCLXWATLI3PO5K7XGnMtix4SVNr8MLi7npQ==
gAAAAABoJvQk0mhs3WsT0iFuRikDR73BejdcdRsanM1UvHBNSVzy5p3Ps7rqyT9xluWPyDAqml_LU7wnzb8ps9M7TZKL0wxE0Q==
gAAAAABoJvQl5ljRAqVtCtOgQA2c8JG9ojSunfn4wZHFjmHlCSzasyaryoPHnBFwpDESlIbsgJIFgpgC3CIVM7NCP9-uQJrypA==
gAAAAABoJvQlwd8X6h4v2CM968t--hGSVHAdMl6tCpr5b_74qttMwkHpYDJB_CNcLo3eTWxiEm7SN70DxQahIHxMd0Mrd4QLlg==
gAAAAABoJvQluF_U4FEC-jrCZExrqTqDk9Osq0DQjZVWI0EvgAr0bdNoCJOq8WYGhbW6mkgO19ItmyRTJnZKgi1xD8pFjOxPmA==
gAAAAABoJvQmhA1s06OqmsOHD6qMsnmf2fLlBQVsp2iImv0QbOYHghhDvLHdAOzj6pdZUJcoEKbF8aWg6JX6OjLqUlXQfIiqKw==
gAAAAABoJvQm4hGOijZxGbrB8yzxtJx7R8PZgXuEyPiHNPgqek4Y0jaDE4T2jqirfDFEkUPoU_biCStMfBhppg1VOy_K32cA-A==
gAAAAABoJvQm7TXmMaUaTJuvrONBEurV62Ul5r3V3iAT8OeiV_h2q-s-vicPJZWfBJ2fWA0eDoFZrDJz1phJtFokVsvjrQHPZA==
gAAAAABoJvQm0pzh5De0JTZn7UEPcpGMhjjEcejgxOXBlb491zcIO3jXQiXOJRCXECgHav60y5iLYESpfYcDjeu7QzrgeR8rxA==
gAAAAABoJvQnG1NrdMYn-WhY6wjTPWqG0lpS6EqRiuCYig46uU2xgn2tBM1s3U2OyutgwyRo6oCWsvCIHPxjzpXOioLszJxtvcd3jkmwkooHDhvmau1Swts=
gAAAAABoJvQqfoYYSmK5an6EZHsr8L8yqOfJwLb2Cewhxbuu6D6rub4_Nx80_GkeAkb-lJ3b0oEgEP3ETj0TQVdvUEuWuh4Qpw==
gAAAAABoJvQqi_fpdKhcJqSZuQDxfktLvOR78X8kEtvrmijAiLWbg2G8zMvdapyp6ZHxlIMTE0mdqYKzxd_WpQHMvbsb5_xfyg==
gAAAAABoJvQqbIByAGtlzq9ClzbwOoWIfaDR6XrF8VS8mhlsLAS55eU23rIa9_GNfi4k8dgnD16rVCnCdPGRAwOduxvqZxL2lg==
gAAAAABoJvQqrYq4z__qXPFxJX-QqobNmrd3xblmHbXdF4R7-S0Oz7e_wwjdjQ-c6T_GjcnxGPKiTwdiPIY7uH0UPrElr30a1w==
gAAAAABoJvQrn6fjPAyiLuXQ9Kyp4ZLu-orlGPve2OUaE4hV_cb9PQNj21iFuK8mKNfJecpsxdJJ9l_UZvEyGGvmKSKAmrsAYg==
gAAAAABoJvQrdTSHSeCKeJ1Uba4ZRGav9ruWqSz4lmkybc7wE6FBkCYEJmkPsVUOF-j-Jn5q8bLRIhg8c9M_wGahcQpcE_bv_Q==
gAAAAABoJvQr7E19MxOM5oedQshjOiDB4jVhTzrvVrqPOLWdYC49s_ZYtF78bn2z3N_8kCdkUpR1DRbODX8cL2T_0Nj7ix0NGg==
gAAAAABoJvQs9xERYgUHZUYoaxNYSbyH_94hBPnQ-0oTFu1tXPmyKQriYtHCNNJ19MGpIGvQ6hiWCmOhrPhpKftxCrh1up9Jyg==
gAAAAABoJvQsi0HdTJ-bf5qmAGVMJTq9YREKQMrQnvK9MkSN6dp-dYYQpegGkiM1rBKqcXVsuW-KyLdsXrDSurDnr6XuKOjGEuwIH0xkrYinRJo1K6r58NM=
gAAAAABoJvQtZWRPnrGrJy3EdO65ubIcFvd1wR87KGOoPV6sVzoGnlj_wXIOcDCaf-daQVvkbu6Z0TjG9a84OrDAv_I7oeT-nA==
gAAAAABoJvQtinSuaxM4M9KPqz9xv88Lx27IjXQW41xXVzUT3u4069nXd2wwveA8mUhOgRPmWRkYEn_UpMb9xwtTZw1pUmu1Lg==
gAAAAABoJvQtpauScmkEDI2EK1znddkyjacPv6r2sjBuYmcdEhOWVE_RtQatWsYumxSiLWkeU9LAe3KGQ-9Un32xN69ZNFLSHg==
gAAAAABoJvQuR7g1AKpqp11SeEkiozwhsHgqnHwz5uM1JKU9bL7jFjk_dg9UX3Bkk6wkLB9GPqN7bqhBGMYruHBADPt_TEa6Yw==
gAAAAABoJvQuHfkMUrlNh1ltd_5JZHS1v1JDru5exBTeVbNChIsL9KfLkHuoMKu-kjnKyOiu-kx475OUjAhbfltyZcT5_YrtqPamZ4xaD8RTfIWFukWaO_E=
